<?xml version="1.0" encoding="UTF-8"?>
<testng-results skipped="0" failed="0" ignored="0" total="1" passed="1">
  <reporter-output>
  </reporter-output>
  <suite name="Suite1" duration-ms="20132" started-at="2023-01-28T12:39:06Z" finished-at="2023-01-28T12:39:26Z">
    <groups>
    </groups>
    <test name="EggSearch" duration-ms="20132" started-at="2023-01-28T12:39:06Z" finished-at="2023-01-28T12:39:26Z">
      <class name="Eggsearch">
        <test-method status="PASS" signature="chromeTest(java.lang.String)[pri:0, instance:Eggsearch@5afa04c]" name="chromeTest" duration-ms="20078" started-at="2023-01-28T12:39:06Z" data-provider="data-provide" finished-at="2023-01-28T12:39:26Z">
          <params>
            <param index="0">
              <value>
                <![CDATA[egg]]>
              </value>
            </param>
          </params>
          <reporter-output>
          </reporter-output>
        </test-method> <!-- chromeTest -->
      </class> <!-- Eggsearch -->
    </test> <!-- EggSearch -->
  </suite> <!-- Suite1 -->
</testng-results>
