<?xml version="1.0" encoding="UTF-8"?>
<testng-results skipped="0" failed="0" ignored="0" total="1" passed="1">
  <reporter-output>
  </reporter-output>
  <suite name="DataProvider Testing Suite" duration-ms="10398" started-at="2023-01-28T12:47:35Z" finished-at="2023-01-28T12:47:45Z">
    <groups>
    </groups>
    <test name="DataProvider" duration-ms="10398" started-at="2023-01-28T12:47:35Z" finished-at="2023-01-28T12:47:45Z">
      <class name="Eggsearch">
        <test-method status="PASS" signature="chromeTest(java.lang.String)[pri:0, instance:Eggsearch@1d8bd0de]" name="chromeTest" duration-ms="10368" started-at="2023-01-28T12:47:35Z" data-provider="data-provide" finished-at="2023-01-28T12:47:45Z">
          <params>
            <param index="0">
              <value>
                <![CDATA[egg]]>
              </value>
            </param>
          </params>
          <reporter-output>
          </reporter-output>
        </test-method> <!-- chromeTest -->
      </class> <!-- Eggsearch -->
    </test> <!-- DataProvider -->
  </suite> <!-- DataProvider Testing Suite -->
</testng-results>
